<?xml version="1.0" encoding="UTF-8"?>
<!-- Generated by org.testng.reporters.JUnitReportReporter -->
<testsuite hostname="Ameri-LT606" name="ssms.SSMS_Automation.Demo" tests="1" failures="0" timestamp="19 Nov 2019 11:21:36 GMT" time="1.082" errors="0">
  <testcase name="Tc_Login_001" time="1.082" classname="ssms.SSMS_Automation.Demo"/>
</testsuite> <!-- ssms.SSMS_Automation.Demo -->
